[2023-04-18 18:35:14.751] [info] Using configuration file /home/hencter/.config/waybar/config.jsonc
[2023-04-18 18:35:14.751] [info] Using CSS file /home/hencter/.config/waybar/style.css
[2023-04-18 18:35:14.760] [warning] As using a timezone, some format args may be missing as the date library haven't got a release since 2018.
[2023-04-18 18:35:14.761] [info] Hyprland IPC starting
[2023-04-18 18:35:14.890] [warning] Requested height: 30 is less than the minimum height: 38 required by the modules
[2023-04-18 18:35:14.890] [info] Bar configured (width: 1920, height: 38) for output: eDP-1
ok
ok
ok
ok
ok
ok
ok
ok
ok
ok
ok
ok
ok
ok
ok
[2023-04-18 21:24:10.815] [warning] Failed to update properties: GDBus.Error:org.freedesktop.DBus.Error.UnknownMethod: 对象在路径“/org/ayatana/NotificationItem/QQ1”处不存在
